{
  "stats": {
    "suites": 3,
    "tests": 4,
    "passes": 4,
    "pending": 0,
    "failures": 0,
    "start": "2021-07-02T18:36:04.803Z",
    "end": "2021-07-02T18:37:07.711Z",
    "duration": 62908,
    "testsRegistered": 4,
    "passPercent": 100,
    "pendingPercent": 0,
    "other": 0,
    "hasOther": false,
    "skipped": 0,
    "hasSkipped": false
  },
  "results": [
    {
      "uuid": "856fe678-bef7-4a17-9eac-ced2cc9c61d4",
      "title": "",
      "fullFile": "cypress/integration/Usuario/CriarUsuario.spec.js",
      "file": "cypress/integration/Usuario/CriarUsuario.spec.js",
      "beforeHooks": [],
      "afterHooks": [],
      "tests": [],
      "suites": [
        {
          "uuid": "2a79372a-ac9a-413b-ad79-2a9a4bff07f7",
          "title": "Desafio do Chapter #1",
          "fullFile": "",
          "file": "",
          "beforeHooks": [],
          "afterHooks": [],
          "tests": [],
          "suites": [
            {
              "uuid": "3c71f64d-acff-4d8f-94e5-4ac6add17e24",
              "title": "Validar a criação de novos usuários",
              "fullFile": "",
              "file": "",
              "beforeHooks": [],
              "afterHooks": [],
              "tests": [
                {
                  "title": "Criando um novo usuário",
                  "fullTitle": "Desafio do Chapter #1 Validar a criação de novos usuários Criando um novo usuário",
                  "timedOut": null,
                  "duration": 29225,
                  "state": "passed",
                  "speed": "slow",
                  "pass": true,
                  "fail": false,
                  "pending": false,
                  "context": null,
                  "code": "cy.url().should('contain', 'account-creation');\ncy.contains('Your personal information');\ncy.get('div#uniform-id_gender2').should('be.visible').click();\ncy.get('input#customer_firstname').type(firstName);\ncy.get('input#customer_lastname').type(lastName);\ncy.get('input#email').should('contain.value', email);\ncy.get('input#passwd').type(password);\ncy.get('select#days').select('23');\ncy.get('select#months').select('January');\ncy.get('select#years').select('1989');\ncy.get('input#newsletter').check();\ncy.contains('Your address');\ncy.get('input#firstname').should('contain.value', firstName);\ncy.get('input#lastname').should('contain.value', lastName);\ncy.get('input#company').type(company);\ncy.get('input#address1').type(address1);\ncy.get('input#address2').type(address2);\ncy.get('input#city').type(city);\ncy.get('select#id_state').select('Colorado');\ncy.get('input#postcode').type(postCode);\ncy.get('textarea#other').type('Agilizei - Desafio do Chapter #1');\ncy.get('input#phone').type(phone);\ncy.get('input#phone_mobile').type(phone);\ncy.get('input#alias').clear().type(alias);\ncy.get('button#submitAccount').click();\ncy.url().should('contain', 'controller=my-account');\ncy.contains('Welcome to your account.');",
                  "err": {},
                  "uuid": "cf86bafe-1b62-4e03-85ef-0ef9964582fc",
                  "parentUUID": "3c71f64d-acff-4d8f-94e5-4ac6add17e24",
                  "isHook": false,
                  "skipped": false
                }
              ],
              "suites": [],
              "passes": [
                "cf86bafe-1b62-4e03-85ef-0ef9964582fc"
              ],
              "failures": [],
              "pending": [],
              "skipped": [],
              "duration": 29225,
              "root": false,
              "rootEmpty": false,
              "_timeout": 2000
            },
            {
              "uuid": "787f6f5a-9701-4363-8f04-1c158ce7de9c",
              "title": "Caminhos infelizes",
              "fullFile": "",
              "file": "",
              "beforeHooks": [],
              "afterHooks": [],
              "tests": [
                {
                  "title": "Tentar criar um usuário com e-mail já cadastrado",
                  "fullTitle": "Desafio do Chapter #1 Caminhos infelizes Tentar criar um usuário com e-mail já cadastrado",
                  "timedOut": null,
                  "duration": 11761,
                  "state": "passed",
                  "speed": "slow",
                  "pass": true,
                  "fail": false,
                  "pending": false,
                  "context": null,
                  "code": "cy.get('input#email_create').type('teste@teste.com');\ncy.get('button#SubmitCreate').click();\ncy.get('div#create_account_error').should('contain.text', 'email address has already been registered');",
                  "err": {},
                  "uuid": "8b5e9bdb-8282-408e-b2ff-5f394d97f891",
                  "parentUUID": "787f6f5a-9701-4363-8f04-1c158ce7de9c",
                  "isHook": false,
                  "skipped": false
                },
                {
                  "title": "Tentar criar um usuário sem informar o e-mail",
                  "fullTitle": "Desafio do Chapter #1 Caminhos infelizes Tentar criar um usuário sem informar o e-mail",
                  "timedOut": null,
                  "duration": 8516,
                  "state": "passed",
                  "speed": "slow",
                  "pass": true,
                  "fail": false,
                  "pending": false,
                  "context": null,
                  "code": "cy.get('input#email_create').type(' ');\ncy.get('button#SubmitCreate').click();\ncy.get('div#create_account_error').should('contain.text', 'Invalid email address.');",
                  "err": {},
                  "uuid": "c06cb6f2-8e1a-4e42-96d7-affdb38bc9fb",
                  "parentUUID": "787f6f5a-9701-4363-8f04-1c158ce7de9c",
                  "isHook": false,
                  "skipped": false
                },
                {
                  "title": "Tentar criar um usuário com o e-mail invalido",
                  "fullTitle": "Desafio do Chapter #1 Caminhos infelizes Tentar criar um usuário com o e-mail invalido",
                  "timedOut": null,
                  "duration": 13245,
                  "state": "passed",
                  "speed": "slow",
                  "pass": true,
                  "fail": false,
                  "pending": false,
                  "context": null,
                  "code": "cy.get('input#email_create').type('emailInvalido');\ncy.get('button#SubmitCreate').click();\ncy.get('div#create_account_error').should('contain.text', 'Invalid email address.');",
                  "err": {},
                  "uuid": "b808077e-ae12-43ae-9753-84facefa88b8",
                  "parentUUID": "787f6f5a-9701-4363-8f04-1c158ce7de9c",
                  "isHook": false,
                  "skipped": false
                }
              ],
              "suites": [],
              "passes": [
                "8b5e9bdb-8282-408e-b2ff-5f394d97f891",
                "c06cb6f2-8e1a-4e42-96d7-affdb38bc9fb",
                "b808077e-ae12-43ae-9753-84facefa88b8"
              ],
              "failures": [],
              "pending": [],
              "skipped": [],
              "duration": 33522,
              "root": false,
              "rootEmpty": false,
              "_timeout": 2000
            }
          ],
          "passes": [],
          "failures": [],
          "pending": [],
          "skipped": [],
          "duration": 0,
          "root": false,
          "rootEmpty": false,
          "_timeout": 2000
        }
      ],
      "passes": [],
      "failures": [],
      "pending": [],
      "skipped": [],
      "duration": 0,
      "root": true,
      "rootEmpty": true,
      "_timeout": 2000
    }
  ],
  "meta": {
    "mocha": {
      "version": "7.0.1"
    },
    "mochawesome": {
      "options": {
        "quiet": false,
        "reportFilename": "mochawesome",
        "saveHtml": false,
        "saveJson": true,
        "consoleReporter": "spec",
        "useInlineDiffs": false,
        "code": true
      },
      "version": "6.2.2"
    },
    "marge": {
      "options": {
        "configFile": "reporter-config.json",
        "html": false,
        "json": true
      },
      "version": "5.2.0"
    }
  }
}